<?xml version="1.0" encoding="UTF-8"?>
<!-- Generated by org.testng.reporters.JUnitReportReporter -->
<testsuite hostname="testing" failures="0" tests="7" name="com.TestNG.Tests.OrangeHRM" time="18.532" errors="0" timestamp="2023-10-17T03:19:40 GMT" skipped="0">
  <testcase classname="com.TestNG.Tests.OrangeHRM" name="VerifyLogin" time="2.083"/>
  <testcase classname="com.TestNG.Tests.OrangeHRM" name="Login" time="1.301"/>
  <testcase classname="com.TestNG.Tests.OrangeHRM" name="Login" time="2.456"/>
  <testcase classname="com.TestNG.Tests.OrangeHRM" name="LaunchApp" time="4.346"/>
  <testcase classname="com.TestNG.Tests.OrangeHRM" name="VerifyMyInfo" time="0.674"/>
  <testcase classname="com.TestNG.Tests.OrangeHRM" name="LaunchApp" time="3.864"/>
  <testcase classname="com.TestNG.Tests.OrangeHRM" name="NavigateToMyInfo" time="3.808"/>
</testsuite> <!-- com.TestNG.Tests.OrangeHRM -->
