<?xml version="1.0" encoding="UTF-8"?>
<!-- Generated by org.testng.reporters.JUnitReportReporter -->
<testsuite hostname="testing" failures="0" tests="1" name="TestClass" time="0.028" errors="0" timestamp="2023-10-03T07:01:25 GMT" skipped="0">
  <testcase classname="TestClass" name="test" time="0.028"/>
</testsuite> <!-- TestClass -->
