<?xml version="1.0" encoding="UTF-8"?>
<!-- Generated by org.testng.reporters.JUnitReportReporter -->
<testsuite hostname="testing" failures="0" tests="2" name="com.TestNG.Tests.FirstTest" time="34.108" errors="0" timestamp="2023-10-15T04:53:12 GMT" skipped="0">
  <testcase classname="com.TestNG.Tests.FirstTest" name="TestFacebook" time="17.219"/>
  <testcase classname="com.TestNG.Tests.FirstTest" name="TestGoogle" time="16.889"/>
</testsuite> <!-- com.TestNG.Tests.FirstTest -->
